<html xmlns:math="http://exslt.org/math" xmlns:testng="http://testng.org">
   <head>
      <title>TestNG Results</title>
      <meta http-equiv="content-type" content="text/html; charset=utf-8"></meta>
      <meta http-equiv="pragma" content="no-cache"></meta>
      <meta http-equiv="cache-control" content="max-age=0"></meta>
      <meta http-equiv="cache-control" content="no-cache"></meta>
      <meta http-equiv="cache-control" content="no-store"></meta>
      <LINK rel="stylesheet" href="style.css"></LINK>
      <script type="text/javascript" src="main.js"></script>
   </head>
   <body>
      <table width="100%" style="font-size: 16px; margin-bottom: 10px;" cellspacing="1">
         <tr>
            <td width="100%">
               All methods in suite
               
               <b>RegressionSuite</b>
            </td>
            <td style="background-color: #FFBBBB; padding: 3px 3px 3px 0;" align="center">
               <div style="width: 50px;">1</div>
            </td>
            <td style="background-color: lightgreen; padding: 3px 3px 3px 0;" align="center">
               <div style="width: 50px;">0</div>
            </td>
            <td style="background-color: #FFFFBB; padding: 3px 3px 3px 0;" align="center">
               <div style="width: 50px;">1</div>
            </td>
            <td align="center" style="background-color: #eaf0f7; padding: 3px 3px 3px 0;">
               <div style="width: 50px;">2</div>
            </td>
            <td align="center"
                style="font-weight: bold; background-color: #eaf0f7; padding: 3px 3px 3px 0;">
               <div style="width: 50px;">0%</div>
            </td>
            <td style="background-color: #eaf0f7; padding: 3px 3px 3px 0;" align="center"
                nowrap="true">11s
               
            </td>
         </tr>
      </table>
      <div style="width: 200px;">
         <label for="groupMethodsCheckBox" style="font-weight: bold; margin: 0;">
            <input id="groupMethodsCheckBox" type="checkbox" onclick="switchTestMethodsView(this)"></input>
            Group by class
            
         </label>
         <br></br>
         <label for="methodsFilter_ALL" style="font-weight: bold; margin: 0;">
            <input id="methodsFilter_ALL" type="checkbox"
                   onclick="testMethodsFilterChanged(this, 'ALL')"></input>
            All
            
         </label>
      </div>
      <label for="methodsFilter_FAIL" style="margin-left: 20px;">
         <input id="methodsFilter_FAIL" type="checkbox"
                onclick="testMethodsFilterChanged(this, 'FAIL')"
                checked=""></input>
         Failed
         
      </label>
      <label for="methodsFilter_PASS">
         <input id="methodsFilter_PASS" type="checkbox"
                onclick="testMethodsFilterChanged(this, 'PASS')"
                checked=""></input>
         Passed
         
      </label>
      <label for="methodsFilter_SKIP">
         <input id="methodsFilter_SKIP" type="checkbox"
                onclick="testMethodsFilterChanged(this, 'SKIP')"
                checked=""></input>
         Skipped
         
      </label>
      <label for="methodsFilter_CONF">
         <input id="methodsFilter_CONF" type="checkbox"
                onclick="testMethodsFilterChanged(this, 'CONF')"></input>
         Config
         
      </label>
      <br></br>
      <div id="testMethodsByStatus">
         <table class="testMethodsTable" cellpadding="0" cellspacing="0">
            <tr class="methodsTableHeader">
               <td width="100%">Name</td>
               <td nowrap="true">Started</td>
               <td nowrap="true">Duration</td>
               <td>Exception</td>
            </tr>
            <tr id="tests.Fb_Login_test1_fblogintest_byStatus_failed_FAIL1_row"
                class="testMethodStatusFAIL">
               <td width="100%" class="firstMethodCell">
                  <a onclick="toggleDetailsVisibility('tests.Fb_Login_test1_fblogintest_byStatus_failed_FAIL1_details')">fblogintest()</a>
               </td>
               <td nowrap="true">21:24:06</td>
               <td nowrap="true" align="right">72 ms
                  
               </td>
               <td nowrap="true">
                  <a onclick="toggleDetailsVisibility('tests.Fb_Login_test1_fblogintest_byStatus_failed_FAIL1_exception')">org.openqa.selenium.WebDriverException: 
                     unknown error: call function result missing 'value'
                     (Session info: chrome=70.0.3538.102)
                     (Driver info: chromedriver=2.34.522932 (4140ab217e1ca1bec0c4b4d1b148f3361eb3a03e),platform=Mac OS X 10.13.6 x86_64) (WARNING:
                     The server did not provide any stacktrace information)
                     Command duration or timeout: 0 milliseconds
                     Build info: version: '3.14.0', revision: 'aacccce0', time: '2018-08-02T20:05:20.749Z'
                     System info: host: 'Sanjidas-MacBook-Pro.local', ip: '2604:2000:f000:6b00:0:0:0:1', os.name: 'Mac OS X', os.arch: 'x86_64',
                     os.version: '10.13.6', java.version: '1.8.0_111'
                     Driver info: org.openqa.selenium.chrome.ChromeDriver
                     Capabilities {acceptSslCerts: true, applicationCacheEnabled: false, browserConnectionEnabled: false, browserName: chrome,
                     chrome: {chromedriverVersion: 2.34.522932 (4140ab217e1ca1..., userDataDir: /var/folders/wm/hvhl12wx55b...}, cssSelectorsEnabled:
                     true, databaseEnabled: false, handlesAlerts: true, hasTouchScreen: false, javascriptEnabled: true, locationContextEnabled:
                     true, mobileEmulationEnabled: false, nativeEvents: true, networkConnectionEnabled: false, pageLoadStrategy: normal, platform:
                     MAC, platformName: MAC, rotatable: false, setWindowRect: true, takesHeapSnapshot: true, takesScreenshot: true, unexpectedAlertBehaviour:
                     , unhandledPromptBehavior: , version: 70.0.3538.102, webStorageEnabled: true}
                     Session ID: 421e0585042a9654c0a8c2d989edd83c
                     
                  </a>
                   
                  
               </td>
            </tr>
            <tr>
               <td colspan="4" class="detailsBox">
                  <div id="tests.Fb_Login_test1_fblogintest_byStatus_failed_FAIL1_details"
                       class="testMethodDetails">
                     <div>
                        <b>Name: </b>fblogintest
                     </div>
                     <div>
                        <b>Signature: </b>fblogintest()[pri:0, instance:tests.Fb_Login_test1@6442b0a6]
                     </div>
                     <div>
                        <b>Start time: </b>21:24:06
                     </div>
                     <div>
                        <b>End time: </b>21:24:06
                     </div>
                     <div>
                        <b>Duration: </b>72 ms
                        
                     </div>
                  </div>
               </td>
            </tr>
            <tr>
               <td colspan="4" class="detailsBox">
                  <div id="tests.Fb_Login_test1_fblogintest_byStatus_failed_FAIL1_exception"
                       class="testMethodDetails">
                     <pre style="padding: 5px; margin: 0;">org.openqa.selenium.WebDriverException: unknown error: call function result missing 'value'
                        (Session info: chrome=70.0.3538.102)
                        (Driver info: chromedriver=2.34.522932 (4140ab217e1ca1bec0c4b4d1b148f3361eb3a03e),platform=Mac OS X 10.13.6 x86_64) (WARNING:
                        The server did not provide any stacktrace information)
                        Command duration or timeout: 0 milliseconds
                        Build info: version: '3.14.0', revision: 'aacccce0', time: '2018-08-02T20:05:20.749Z'
                        System info: host: 'Sanjidas-MacBook-Pro.local', ip: '2604:2000:f000:6b00:0:0:0:1', os.name: 'Mac OS X', os.arch: 'x86_64',
                        os.version: '10.13.6', java.version: '1.8.0_111'
                        Driver info: org.openqa.selenium.chrome.ChromeDriver
                        Capabilities {acceptSslCerts: true, applicationCacheEnabled: false, browserConnectionEnabled: false, browserName: chrome,
                        chrome: {chromedriverVersion: 2.34.522932 (4140ab217e1ca1..., userDataDir: /var/folders/wm/hvhl12wx55b...}, cssSelectorsEnabled:
                        true, databaseEnabled: false, handlesAlerts: true, hasTouchScreen: false, javascriptEnabled: true, locationContextEnabled:
                        true, mobileEmulationEnabled: false, nativeEvents: true, networkConnectionEnabled: false, pageLoadStrategy: normal, platform:
                        MAC, platformName: MAC, rotatable: false, setWindowRect: true, takesHeapSnapshot: true, takesScreenshot: true, unexpectedAlertBehaviour:
                        , unhandledPromptBehavior: , version: 70.0.3538.102, webStorageEnabled: true}
                        Session ID: 421e0585042a9654c0a8c2d989edd83c
                        	at sun.reflect.NativeConstructorAccessorImpl.newInstance0(Native Method)
                        	at sun.reflect.NativeConstructorAccessorImpl.newInstance(NativeConstructorAccessorImpl.java:62)
                        	at sun.reflect.DelegatingConstructorAccessorImpl.newInstance(DelegatingConstructorAccessorImpl.java:45)
                        	at java.lang.reflect.Constructor.newInstance(Constructor.java:423)
                        	at org.openqa.selenium.remote.ErrorHandler.createThrowable(ErrorHandler.java:214)
                        	at org.openqa.selenium.remote.ErrorHandler.throwIfResponseFailed(ErrorHandler.java:166)
                        	at org.openqa.selenium.remote.http.JsonHttpResponseCodec.reconstructValue(JsonHttpResponseCodec.java:40)
                        	at org.openqa.selenium.remote.http.AbstractHttpResponseCodec.decode(AbstractHttpResponseCodec.java:80)
                        	at org.openqa.selenium.remote.http.AbstractHttpResponseCodec.decode(AbstractHttpResponseCodec.java:44)
                        	at org.openqa.selenium.remote.HttpCommandExecutor.execute(HttpCommandExecutor.java:158)
                        	at org.openqa.selenium.remote.service.DriverCommandExecutor.execute(DriverCommandExecutor.java:83)
                        	at org.openqa.selenium.remote.RemoteWebDriver.execute(RemoteWebDriver.java:548)
                        	at org.openqa.selenium.remote.RemoteWebElement.execute(RemoteWebElement.java:276)
                        	at org.openqa.selenium.remote.RemoteWebElement.sendKeys(RemoteWebElement.java:100)
                        	at utils.SWfunctions.typeByXpath(SWfunctions.java:24)
                        	at tests.Fb_Login_test1.fblogintest(Fb_Login_test1.java:14)
                        	at sun.reflect.NativeMethodAccessorImpl.invoke0(Native Method)
                        	at sun.reflect.NativeMethodAccessorImpl.invoke(NativeMethodAccessorImpl.java:62)
                        	at sun.reflect.DelegatingMethodAccessorImpl.invoke(DelegatingMethodAccessorImpl.java:43)
                        	at java.lang.reflect.Method.invoke(Method.java:498)
                        	at org.testng.internal.MethodInvocationHelper.invokeMethod(MethodInvocationHelper.java:85)
                        	at org.testng.internal.Invoker.invokeMethod(Invoker.java:639)
                        	at org.testng.internal.Invoker.invokeTestMethod(Invoker.java:816)
                        	at org.testng.internal.Invoker.invokeTestMethods(Invoker.java:1124)
                        	at org.testng.internal.TestMethodWorker.invokeTestMethods(TestMethodWorker.java:125)
                        	at org.testng.internal.TestMethodWorker.run(TestMethodWorker.java:108)
                        	at org.testng.TestRunner.privateRun(TestRunner.java:774)
                        	at org.testng.TestRunner.run(TestRunner.java:624)
                        	at org.testng.SuiteRunner.runTest(SuiteRunner.java:359)
                        	at org.testng.SuiteRunner.runSequentially(SuiteRunner.java:354)
                        	at org.testng.SuiteRunner.privateRun(SuiteRunner.java:312)
                        	at org.testng.SuiteRunner.run(SuiteRunner.java:261)
                        	at org.testng.SuiteRunnerWorker.runSuite(SuiteRunnerWorker.java:52)
                        	at org.testng.SuiteRunnerWorker.run(SuiteRunnerWorker.java:86)
                        	at org.testng.TestNG.runSuitesSequentially(TestNG.java:1215)
                        	at org.testng.TestNG.runSuitesLocally(TestNG.java:1140)
                        	at org.testng.TestNG.run(TestNG.java:1048)
                        	at org.testng.TestNG.privateMain(TestNG.java:1355)
                        	at org.testng.TestNG.main(TestNG.java:1324)
                     </pre>
                  </div>
               </td>
            </tr>
            <tr id="tests.Fb_Login_test1_beforetestingstart_byStatus_failed_FAIL2_row"
                class="testMethodStatusFAIL testMethodStatusCONF">
               <td width="100%" class="firstMethodCell">
                  <a onclick="toggleDetailsVisibility('tests.Fb_Login_test1_beforetestingstart_byStatus_failed_FAIL2_details')">beforetestingstart(ff)</a>
               </td>
               <td nowrap="true">21:24:07</td>
               <td nowrap="true" align="right">0 ms
                  
               </td>
               <td nowrap="true">
                  <a onclick="toggleDetailsVisibility('tests.Fb_Login_test1_beforetestingstart_byStatus_failed_FAIL2_exception')">java.lang.IllegalStateException: 
                     The driver executable does not exist: /Users/SanjidaAfrin/Documents/Facebook/Drivers/geckodriver
                     
                  </a>
                   
                  
               </td>
            </tr>
            <tr>
               <td colspan="4" class="detailsBox">
                  <div id="tests.Fb_Login_test1_beforetestingstart_byStatus_failed_FAIL2_details"
                       class="testMethodDetails">
                     <div>
                        <b>Name: </b>beforetestingstart
                     </div>
                     <div>
                        <b>Signature: </b>beforetestingstart(java.lang.String)[pri:0, instance:tests.Fb_Login_test1@79b4d0f]
                     </div>
                     <div>
                        <b>Parameters: </b>
                        
                        ff
                        
                        
                     </div>
                     <div>
                        <b>Start time: </b>21:24:07
                     </div>
                     <div>
                        <b>End time: </b>21:24:07
                     </div>
                     <div>
                        <b>Duration: </b>0 ms
                        
                     </div>
                  </div>
               </td>
            </tr>
            <tr>
               <td colspan="4" class="detailsBox">
                  <div id="tests.Fb_Login_test1_beforetestingstart_byStatus_failed_FAIL2_exception"
                       class="testMethodDetails">
                     <pre style="padding: 5px; margin: 0;">java.lang.IllegalStateException: The driver executable does not exist: /Users/SanjidaAfrin/Documents/Facebook/Drivers/geckodriver
                        	at com.google.common.base.Preconditions.checkState(Preconditions.java:534)
                        	at org.openqa.selenium.remote.service.DriverService.checkExecutable(DriverService.java:137)
                        	at org.openqa.selenium.remote.service.DriverService.findExecutable(DriverService.java:132)
                        	at org.openqa.selenium.firefox.GeckoDriverService.access$100(GeckoDriverService.java:43)
                        	at org.openqa.selenium.firefox.GeckoDriverService$Builder.findDefaultExecutable(GeckoDriverService.java:168)
                        	at org.openqa.selenium.remote.service.DriverService$Builder.build(DriverService.java:346)
                        	at org.openqa.selenium.firefox.FirefoxDriver.toExecutor(FirefoxDriver.java:168)
                        	at org.openqa.selenium.firefox.FirefoxDriver.&lt;init&gt;(FirefoxDriver.java:125)
                        	at org.openqa.selenium.firefox.FirefoxDriver.&lt;init&gt;(FirefoxDriver.java:103)
                        	at base.Config.beforetestingstart(Config.java:21)
                        	at sun.reflect.NativeMethodAccessorImpl.invoke0(Native Method)
                        	at sun.reflect.NativeMethodAccessorImpl.invoke(NativeMethodAccessorImpl.java:62)
                        	at sun.reflect.DelegatingMethodAccessorImpl.invoke(DelegatingMethodAccessorImpl.java:43)
                        	at java.lang.reflect.Method.invoke(Method.java:498)
                        	at org.testng.internal.MethodInvocationHelper.invokeMethod(MethodInvocationHelper.java:85)
                        	at org.testng.internal.Invoker.invokeConfigurationMethod(Invoker.java:510)
                        	at org.testng.internal.Invoker.invokeConfigurations(Invoker.java:211)
                        	at org.testng.internal.Invoker.invokeConfigurations(Invoker.java:138)
                        	at org.testng.TestRunner.beforeRun(TestRunner.java:648)
                        	at org.testng.TestRunner.run(TestRunner.java:616)
                        	at org.testng.SuiteRunner.runTest(SuiteRunner.java:359)
                        	at org.testng.SuiteRunner.runSequentially(SuiteRunner.java:354)
                        	at org.testng.SuiteRunner.privateRun(SuiteRunner.java:312)
                        	at org.testng.SuiteRunner.run(SuiteRunner.java:261)
                        	at org.testng.SuiteRunnerWorker.runSuite(SuiteRunnerWorker.java:52)
                        	at org.testng.SuiteRunnerWorker.run(SuiteRunnerWorker.java:86)
                        	at org.testng.TestNG.runSuitesSequentially(TestNG.java:1215)
                        	at org.testng.TestNG.runSuitesLocally(TestNG.java:1140)
                        	at org.testng.TestNG.run(TestNG.java:1048)
                        	at org.testng.TestNG.privateMain(TestNG.java:1355)
                        	at org.testng.TestNG.main(TestNG.java:1324)
                     </pre>
                  </div>
               </td>
            </tr>
            <tr id="tests.Fb_Login_test1_beforetestingstart_byStatus_passed_PASS1_row"
                class="testMethodStatusPASS testMethodStatusCONF">
               <td width="100%" class="firstMethodCell">
                  <a onclick="toggleDetailsVisibility('tests.Fb_Login_test1_beforetestingstart_byStatus_passed_PASS1_details')">beforetestingstart(ch)</a>
               </td>
               <td nowrap="true">21:23:56</td>
               <td nowrap="true" align="right">10s
                  
               </td>
               <td nowrap="true">
                   
                  
               </td>
            </tr>
            <tr>
               <td colspan="4" class="detailsBox">
                  <div id="tests.Fb_Login_test1_beforetestingstart_byStatus_passed_PASS1_details"
                       class="testMethodDetails">
                     <div>
                        <b>Name: </b>beforetestingstart
                     </div>
                     <div>
                        <b>Signature: </b>beforetestingstart(java.lang.String)[pri:0, instance:tests.Fb_Login_test1@6442b0a6]
                     </div>
                     <div>
                        <b>Parameters: </b>
                        
                        ch
                        
                        
                     </div>
                     <div>
                        <b>Start time: </b>21:23:56
                     </div>
                     <div>
                        <b>End time: </b>21:24:06
                     </div>
                     <div>
                        <b>Duration: </b>10s
                        
                     </div>
                  </div>
               </td>
            </tr>
            <tr></tr>
            <tr id="tests.Fb_Login_test1_close1_byStatus_passed_PASS2_row"
                class="testMethodStatusPASS testMethodStatusCONF">
               <td width="100%" class="firstMethodCell">
                  <a onclick="toggleDetailsVisibility('tests.Fb_Login_test1_close1_byStatus_passed_PASS2_details')">close1()</a>
               </td>
               <td nowrap="true">21:24:06</td>
               <td nowrap="true" align="right">0 ms
                  
               </td>
               <td nowrap="true">
                   
                  
               </td>
            </tr>
            <tr>
               <td colspan="4" class="detailsBox">
                  <div id="tests.Fb_Login_test1_close1_byStatus_passed_PASS2_details"
                       class="testMethodDetails">
                     <div>
                        <b>Name: </b>close1
                     </div>
                     <div>
                        <b>Signature: </b>close1()[pri:0, instance:tests.Fb_Login_test1@6442b0a6]
                     </div>
                     <div>
                        <b>Start time: </b>21:24:06
                     </div>
                     <div>
                        <b>End time: </b>21:24:06
                     </div>
                     <div>
                        <b>Duration: </b>0 ms
                        
                     </div>
                  </div>
               </td>
            </tr>
            <tr></tr>
            <tr id="tests.Fb_Login_test1_fblogintest_byStatus_skiped_SKIP1_row"
                class="testMethodStatusSKIP">
               <td width="100%" class="firstMethodCell">
                  <a onclick="toggleDetailsVisibility('tests.Fb_Login_test1_fblogintest_byStatus_skiped_SKIP1_details')">fblogintest()</a>
               </td>
               <td nowrap="true">21:24:07</td>
               <td nowrap="true" align="right">1 ms
                  
               </td>
               <td nowrap="true">
                   
                  
               </td>
            </tr>
            <tr>
               <td colspan="4" class="detailsBox">
                  <div id="tests.Fb_Login_test1_fblogintest_byStatus_skiped_SKIP1_details"
                       class="testMethodDetails">
                     <div>
                        <b>Name: </b>fblogintest
                     </div>
                     <div>
                        <b>Signature: </b>fblogintest()[pri:0, instance:tests.Fb_Login_test1@79b4d0f]
                     </div>
                     <div>
                        <b>Start time: </b>21:24:07
                     </div>
                     <div>
                        <b>End time: </b>21:24:07
                     </div>
                     <div>
                        <b>Duration: </b>1 ms
                        
                     </div>
                  </div>
               </td>
            </tr>
            <tr></tr>
            <tr id="tests.Fb_Login_test1_close1_byStatus_skiped_SKIP2_row"
                class="testMethodStatusSKIP testMethodStatusCONF">
               <td width="100%" class="firstMethodCell">
                  <a onclick="toggleDetailsVisibility('tests.Fb_Login_test1_close1_byStatus_skiped_SKIP2_details')">close1()</a>
               </td>
               <td nowrap="true">21:24:07</td>
               <td nowrap="true" align="right">0 ms
                  
               </td>
               <td nowrap="true">
                   
                  
               </td>
            </tr>
            <tr>
               <td colspan="4" class="detailsBox">
                  <div id="tests.Fb_Login_test1_close1_byStatus_skiped_SKIP2_details"
                       class="testMethodDetails">
                     <div>
                        <b>Name: </b>close1
                     </div>
                     <div>
                        <b>Signature: </b>close1()[pri:0, instance:tests.Fb_Login_test1@79b4d0f]
                     </div>
                     <div>
                        <b>Start time: </b>21:24:07
                     </div>
                     <div>
                        <b>End time: </b>21:24:07
                     </div>
                     <div>
                        <b>Duration: </b>0 ms
                        
                     </div>
                  </div>
               </td>
            </tr>
            <tr></tr>
         </table>
      </div>
      <div id="testMethodsByClass" style="display: none;">
         <table class="testMethodsTable" cellpadding="0" cellspacing="0">
            <tr>
               <td colspan="4">
                  <h3 style="display: inline;">tests.Fb_Login_test1</h3>
               </td>
            </tr>
            <tr class="methodsTableHeader">
               <td width="100%">Name</td>
               <td nowrap="true">Started</td>
               <td nowrap="true">Duration</td>
               <td>Exception</td>
            </tr>
            <tr id="tests.Fb_Login_test1_beforetestingstart_byClass_PASS1_row"
                class="testMethodStatusPASS testMethodStatusCONF">
               <td width="100%" class="firstMethodCell">
                  <a onclick="toggleDetailsVisibility('tests.Fb_Login_test1_beforetestingstart_byClass_PASS1_details')">beforetestingstart(ch)</a>
               </td>
               <td nowrap="true">21:23:56</td>
               <td nowrap="true" align="right">10s
                  
               </td>
               <td nowrap="true">
                   
                  
               </td>
            </tr>
            <tr>
               <td colspan="4" class="detailsBox">
                  <div id="tests.Fb_Login_test1_beforetestingstart_byClass_PASS1_details"
                       class="testMethodDetails">
                     <div>
                        <b>Name: </b>beforetestingstart
                     </div>
                     <div>
                        <b>Signature: </b>beforetestingstart(java.lang.String)[pri:0, instance:tests.Fb_Login_test1@6442b0a6]
                     </div>
                     <div>
                        <b>Parameters: </b>
                        
                        ch
                        
                        
                     </div>
                     <div>
                        <b>Start time: </b>21:23:56
                     </div>
                     <div>
                        <b>End time: </b>21:24:06
                     </div>
                     <div>
                        <b>Duration: </b>10s
                        
                     </div>
                  </div>
               </td>
            </tr>
            <tr></tr>
            <tr id="tests.Fb_Login_test1_fblogintest_byClass_FAIL2_row"
                class="testMethodStatusFAIL">
               <td width="100%" class="firstMethodCell">
                  <a onclick="toggleDetailsVisibility('tests.Fb_Login_test1_fblogintest_byClass_FAIL2_details')">fblogintest()</a>
               </td>
               <td nowrap="true">21:24:06</td>
               <td nowrap="true" align="right">72 ms
                  
               </td>
               <td nowrap="true">
                  <a onclick="toggleDetailsVisibility('tests.Fb_Login_test1_fblogintest_byClass_FAIL2_exception')">org.openqa.selenium.WebDriverException: 
                     unknown error: call function result missing 'value'
                     (Session info: chrome=70.0.3538.102)
                     (Driver info: chromedriver=2.34.522932 (4140ab217e1ca1bec0c4b4d1b148f3361eb3a03e),platform=Mac OS X 10.13.6 x86_64) (WARNING:
                     The server did not provide any stacktrace information)
                     Command duration or timeout: 0 milliseconds
                     Build info: version: '3.14.0', revision: 'aacccce0', time: '2018-08-02T20:05:20.749Z'
                     System info: host: 'Sanjidas-MacBook-Pro.local', ip: '2604:2000:f000:6b00:0:0:0:1', os.name: 'Mac OS X', os.arch: 'x86_64',
                     os.version: '10.13.6', java.version: '1.8.0_111'
                     Driver info: org.openqa.selenium.chrome.ChromeDriver
                     Capabilities {acceptSslCerts: true, applicationCacheEnabled: false, browserConnectionEnabled: false, browserName: chrome,
                     chrome: {chromedriverVersion: 2.34.522932 (4140ab217e1ca1..., userDataDir: /var/folders/wm/hvhl12wx55b...}, cssSelectorsEnabled:
                     true, databaseEnabled: false, handlesAlerts: true, hasTouchScreen: false, javascriptEnabled: true, locationContextEnabled:
                     true, mobileEmulationEnabled: false, nativeEvents: true, networkConnectionEnabled: false, pageLoadStrategy: normal, platform:
                     MAC, platformName: MAC, rotatable: false, setWindowRect: true, takesHeapSnapshot: true, takesScreenshot: true, unexpectedAlertBehaviour:
                     , unhandledPromptBehavior: , version: 70.0.3538.102, webStorageEnabled: true}
                     Session ID: 421e0585042a9654c0a8c2d989edd83c
                     
                  </a>
                   
                  
               </td>
            </tr>
            <tr>
               <td colspan="4" class="detailsBox">
                  <div id="tests.Fb_Login_test1_fblogintest_byClass_FAIL2_details"
                       class="testMethodDetails">
                     <div>
                        <b>Name: </b>fblogintest
                     </div>
                     <div>
                        <b>Signature: </b>fblogintest()[pri:0, instance:tests.Fb_Login_test1@6442b0a6]
                     </div>
                     <div>
                        <b>Start time: </b>21:24:06
                     </div>
                     <div>
                        <b>End time: </b>21:24:06
                     </div>
                     <div>
                        <b>Duration: </b>72 ms
                        
                     </div>
                  </div>
               </td>
            </tr>
            <tr>
               <td colspan="4" class="detailsBox">
                  <div id="tests.Fb_Login_test1_fblogintest_byClass_FAIL2_exception"
                       class="testMethodDetails">
                     <pre style="padding: 5px; margin: 0;">org.openqa.selenium.WebDriverException: unknown error: call function result missing 'value'
                        (Session info: chrome=70.0.3538.102)
                        (Driver info: chromedriver=2.34.522932 (4140ab217e1ca1bec0c4b4d1b148f3361eb3a03e),platform=Mac OS X 10.13.6 x86_64) (WARNING:
                        The server did not provide any stacktrace information)
                        Command duration or timeout: 0 milliseconds
                        Build info: version: '3.14.0', revision: 'aacccce0', time: '2018-08-02T20:05:20.749Z'
                        System info: host: 'Sanjidas-MacBook-Pro.local', ip: '2604:2000:f000:6b00:0:0:0:1', os.name: 'Mac OS X', os.arch: 'x86_64',
                        os.version: '10.13.6', java.version: '1.8.0_111'
                        Driver info: org.openqa.selenium.chrome.ChromeDriver
                        Capabilities {acceptSslCerts: true, applicationCacheEnabled: false, browserConnectionEnabled: false, browserName: chrome,
                        chrome: {chromedriverVersion: 2.34.522932 (4140ab217e1ca1..., userDataDir: /var/folders/wm/hvhl12wx55b...}, cssSelectorsEnabled:
                        true, databaseEnabled: false, handlesAlerts: true, hasTouchScreen: false, javascriptEnabled: true, locationContextEnabled:
                        true, mobileEmulationEnabled: false, nativeEvents: true, networkConnectionEnabled: false, pageLoadStrategy: normal, platform:
                        MAC, platformName: MAC, rotatable: false, setWindowRect: true, takesHeapSnapshot: true, takesScreenshot: true, unexpectedAlertBehaviour:
                        , unhandledPromptBehavior: , version: 70.0.3538.102, webStorageEnabled: true}
                        Session ID: 421e0585042a9654c0a8c2d989edd83c
                        	at sun.reflect.NativeConstructorAccessorImpl.newInstance0(Native Method)
                        	at sun.reflect.NativeConstructorAccessorImpl.newInstance(NativeConstructorAccessorImpl.java:62)
                        	at sun.reflect.DelegatingConstructorAccessorImpl.newInstance(DelegatingConstructorAccessorImpl.java:45)
                        	at java.lang.reflect.Constructor.newInstance(Constructor.java:423)
                        	at org.openqa.selenium.remote.ErrorHandler.createThrowable(ErrorHandler.java:214)
                        	at org.openqa.selenium.remote.ErrorHandler.throwIfResponseFailed(ErrorHandler.java:166)
                        	at org.openqa.selenium.remote.http.JsonHttpResponseCodec.reconstructValue(JsonHttpResponseCodec.java:40)
                        	at org.openqa.selenium.remote.http.AbstractHttpResponseCodec.decode(AbstractHttpResponseCodec.java:80)
                        	at org.openqa.selenium.remote.http.AbstractHttpResponseCodec.decode(AbstractHttpResponseCodec.java:44)
                        	at org.openqa.selenium.remote.HttpCommandExecutor.execute(HttpCommandExecutor.java:158)
                        	at org.openqa.selenium.remote.service.DriverCommandExecutor.execute(DriverCommandExecutor.java:83)
                        	at org.openqa.selenium.remote.RemoteWebDriver.execute(RemoteWebDriver.java:548)
                        	at org.openqa.selenium.remote.RemoteWebElement.execute(RemoteWebElement.java:276)
                        	at org.openqa.selenium.remote.RemoteWebElement.sendKeys(RemoteWebElement.java:100)
                        	at utils.SWfunctions.typeByXpath(SWfunctions.java:24)
                        	at tests.Fb_Login_test1.fblogintest(Fb_Login_test1.java:14)
                        	at sun.reflect.NativeMethodAccessorImpl.invoke0(Native Method)
                        	at sun.reflect.NativeMethodAccessorImpl.invoke(NativeMethodAccessorImpl.java:62)
                        	at sun.reflect.DelegatingMethodAccessorImpl.invoke(DelegatingMethodAccessorImpl.java:43)
                        	at java.lang.reflect.Method.invoke(Method.java:498)
                        	at org.testng.internal.MethodInvocationHelper.invokeMethod(MethodInvocationHelper.java:85)
                        	at org.testng.internal.Invoker.invokeMethod(Invoker.java:639)
                        	at org.testng.internal.Invoker.invokeTestMethod(Invoker.java:816)
                        	at org.testng.internal.Invoker.invokeTestMethods(Invoker.java:1124)
                        	at org.testng.internal.TestMethodWorker.invokeTestMethods(TestMethodWorker.java:125)
                        	at org.testng.internal.TestMethodWorker.run(TestMethodWorker.java:108)
                        	at org.testng.TestRunner.privateRun(TestRunner.java:774)
                        	at org.testng.TestRunner.run(TestRunner.java:624)
                        	at org.testng.SuiteRunner.runTest(SuiteRunner.java:359)
                        	at org.testng.SuiteRunner.runSequentially(SuiteRunner.java:354)
                        	at org.testng.SuiteRunner.privateRun(SuiteRunner.java:312)
                        	at org.testng.SuiteRunner.run(SuiteRunner.java:261)
                        	at org.testng.SuiteRunnerWorker.runSuite(SuiteRunnerWorker.java:52)
                        	at org.testng.SuiteRunnerWorker.run(SuiteRunnerWorker.java:86)
                        	at org.testng.TestNG.runSuitesSequentially(TestNG.java:1215)
                        	at org.testng.TestNG.runSuitesLocally(TestNG.java:1140)
                        	at org.testng.TestNG.run(TestNG.java:1048)
                        	at org.testng.TestNG.privateMain(TestNG.java:1355)
                        	at org.testng.TestNG.main(TestNG.java:1324)
                     </pre>
                  </div>
               </td>
            </tr>
            <tr id="tests.Fb_Login_test1_close1_byClass_PASS3_row"
                class="testMethodStatusPASS testMethodStatusCONF">
               <td width="100%" class="firstMethodCell">
                  <a onclick="toggleDetailsVisibility('tests.Fb_Login_test1_close1_byClass_PASS3_details')">close1()</a>
               </td>
               <td nowrap="true">21:24:06</td>
               <td nowrap="true" align="right">0 ms
                  
               </td>
               <td nowrap="true">
                   
                  
               </td>
            </tr>
            <tr>
               <td colspan="4" class="detailsBox">
                  <div id="tests.Fb_Login_test1_close1_byClass_PASS3_details"
                       class="testMethodDetails">
                     <div>
                        <b>Name: </b>close1
                     </div>
                     <div>
                        <b>Signature: </b>close1()[pri:0, instance:tests.Fb_Login_test1@6442b0a6]
                     </div>
                     <div>
                        <b>Start time: </b>21:24:06
                     </div>
                     <div>
                        <b>End time: </b>21:24:06
                     </div>
                     <div>
                        <b>Duration: </b>0 ms
                        
                     </div>
                  </div>
               </td>
            </tr>
            <tr></tr>
         </table>
         <br></br>
         <table class="testMethodsTable" cellpadding="0" cellspacing="0">
            <tr>
               <td colspan="4">
                  <h3 style="display: inline;">tests.Fb_Login_test1</h3>
               </td>
            </tr>
            <tr class="methodsTableHeader">
               <td width="100%">Name</td>
               <td nowrap="true">Started</td>
               <td nowrap="true">Duration</td>
               <td>Exception</td>
            </tr>
            <tr id="tests.Fb_Login_test1_beforetestingstart_byClass_FAIL1_row"
                class="testMethodStatusFAIL testMethodStatusCONF">
               <td width="100%" class="firstMethodCell">
                  <a onclick="toggleDetailsVisibility('tests.Fb_Login_test1_beforetestingstart_byClass_FAIL1_details')">beforetestingstart(ff)</a>
               </td>
               <td nowrap="true">21:24:07</td>
               <td nowrap="true" align="right">0 ms
                  
               </td>
               <td nowrap="true">
                  <a onclick="toggleDetailsVisibility('tests.Fb_Login_test1_beforetestingstart_byClass_FAIL1_exception')">java.lang.IllegalStateException: 
                     The driver executable does not exist: /Users/SanjidaAfrin/Documents/Facebook/Drivers/geckodriver
                     
                  </a>
                   
                  
               </td>
            </tr>
            <tr>
               <td colspan="4" class="detailsBox">
                  <div id="tests.Fb_Login_test1_beforetestingstart_byClass_FAIL1_details"
                       class="testMethodDetails">
                     <div>
                        <b>Name: </b>beforetestingstart
                     </div>
                     <div>
                        <b>Signature: </b>beforetestingstart(java.lang.String)[pri:0, instance:tests.Fb_Login_test1@79b4d0f]
                     </div>
                     <div>
                        <b>Parameters: </b>
                        
                        ff
                        
                        
                     </div>
                     <div>
                        <b>Start time: </b>21:24:07
                     </div>
                     <div>
                        <b>End time: </b>21:24:07
                     </div>
                     <div>
                        <b>Duration: </b>0 ms
                        
                     </div>
                  </div>
               </td>
            </tr>
            <tr>
               <td colspan="4" class="detailsBox">
                  <div id="tests.Fb_Login_test1_beforetestingstart_byClass_FAIL1_exception"
                       class="testMethodDetails">
                     <pre style="padding: 5px; margin: 0;">java.lang.IllegalStateException: The driver executable does not exist: /Users/SanjidaAfrin/Documents/Facebook/Drivers/geckodriver
                        	at com.google.common.base.Preconditions.checkState(Preconditions.java:534)
                        	at org.openqa.selenium.remote.service.DriverService.checkExecutable(DriverService.java:137)
                        	at org.openqa.selenium.remote.service.DriverService.findExecutable(DriverService.java:132)
                        	at org.openqa.selenium.firefox.GeckoDriverService.access$100(GeckoDriverService.java:43)
                        	at org.openqa.selenium.firefox.GeckoDriverService$Builder.findDefaultExecutable(GeckoDriverService.java:168)
                        	at org.openqa.selenium.remote.service.DriverService$Builder.build(DriverService.java:346)
                        	at org.openqa.selenium.firefox.FirefoxDriver.toExecutor(FirefoxDriver.java:168)
                        	at org.openqa.selenium.firefox.FirefoxDriver.&lt;init&gt;(FirefoxDriver.java:125)
                        	at org.openqa.selenium.firefox.FirefoxDriver.&lt;init&gt;(FirefoxDriver.java:103)
                        	at base.Config.beforetestingstart(Config.java:21)
                        	at sun.reflect.NativeMethodAccessorImpl.invoke0(Native Method)
                        	at sun.reflect.NativeMethodAccessorImpl.invoke(NativeMethodAccessorImpl.java:62)
                        	at sun.reflect.DelegatingMethodAccessorImpl.invoke(DelegatingMethodAccessorImpl.java:43)
                        	at java.lang.reflect.Method.invoke(Method.java:498)
                        	at org.testng.internal.MethodInvocationHelper.invokeMethod(MethodInvocationHelper.java:85)
                        	at org.testng.internal.Invoker.invokeConfigurationMethod(Invoker.java:510)
                        	at org.testng.internal.Invoker.invokeConfigurations(Invoker.java:211)
                        	at org.testng.internal.Invoker.invokeConfigurations(Invoker.java:138)
                        	at org.testng.TestRunner.beforeRun(TestRunner.java:648)
                        	at org.testng.TestRunner.run(TestRunner.java:616)
                        	at org.testng.SuiteRunner.runTest(SuiteRunner.java:359)
                        	at org.testng.SuiteRunner.runSequentially(SuiteRunner.java:354)
                        	at org.testng.SuiteRunner.privateRun(SuiteRunner.java:312)
                        	at org.testng.SuiteRunner.run(SuiteRunner.java:261)
                        	at org.testng.SuiteRunnerWorker.runSuite(SuiteRunnerWorker.java:52)
                        	at org.testng.SuiteRunnerWorker.run(SuiteRunnerWorker.java:86)
                        	at org.testng.TestNG.runSuitesSequentially(TestNG.java:1215)
                        	at org.testng.TestNG.runSuitesLocally(TestNG.java:1140)
                        	at org.testng.TestNG.run(TestNG.java:1048)
                        	at org.testng.TestNG.privateMain(TestNG.java:1355)
                        	at org.testng.TestNG.main(TestNG.java:1324)
                     </pre>
                  </div>
               </td>
            </tr>
            <tr id="tests.Fb_Login_test1_fblogintest_byClass_SKIP2_row"
                class="testMethodStatusSKIP">
               <td width="100%" class="firstMethodCell">
                  <a onclick="toggleDetailsVisibility('tests.Fb_Login_test1_fblogintest_byClass_SKIP2_details')">fblogintest()</a>
               </td>
               <td nowrap="true">21:24:07</td>
               <td nowrap="true" align="right">1 ms
                  
               </td>
               <td nowrap="true">
                   
                  
               </td>
            </tr>
            <tr>
               <td colspan="4" class="detailsBox">
                  <div id="tests.Fb_Login_test1_fblogintest_byClass_SKIP2_details"
                       class="testMethodDetails">
                     <div>
                        <b>Name: </b>fblogintest
                     </div>
                     <div>
                        <b>Signature: </b>fblogintest()[pri:0, instance:tests.Fb_Login_test1@79b4d0f]
                     </div>
                     <div>
                        <b>Start time: </b>21:24:07
                     </div>
                     <div>
                        <b>End time: </b>21:24:07
                     </div>
                     <div>
                        <b>Duration: </b>1 ms
                        
                     </div>
                  </div>
               </td>
            </tr>
            <tr></tr>
            <tr id="tests.Fb_Login_test1_close1_byClass_SKIP3_row"
                class="testMethodStatusSKIP testMethodStatusCONF">
               <td width="100%" class="firstMethodCell">
                  <a onclick="toggleDetailsVisibility('tests.Fb_Login_test1_close1_byClass_SKIP3_details')">close1()</a>
               </td>
               <td nowrap="true">21:24:07</td>
               <td nowrap="true" align="right">0 ms
                  
               </td>
               <td nowrap="true">
                   
                  
               </td>
            </tr>
            <tr>
               <td colspan="4" class="detailsBox">
                  <div id="tests.Fb_Login_test1_close1_byClass_SKIP3_details"
                       class="testMethodDetails">
                     <div>
                        <b>Name: </b>close1
                     </div>
                     <div>
                        <b>Signature: </b>close1()[pri:0, instance:tests.Fb_Login_test1@79b4d0f]
                     </div>
                     <div>
                        <b>Start time: </b>21:24:07
                     </div>
                     <div>
                        <b>End time: </b>21:24:07
                     </div>
                     <div>
                        <b>Duration: </b>0 ms
                        
                     </div>
                  </div>
               </td>
            </tr>
            <tr></tr>
         </table>
         <br></br>
      </div>
      <div style="margin-top: 15px; color: gray; text-align: center; font-size: 9px;">
         Generated with
         
         <a href="http://code.google.com/p/testng-xslt/" style="color: #8888aa;"
            target="_blank">
            TestNG XSLT
            
         </a>
      </div>
   </body>
</html>